<?xml version="1.0" encoding="UTF-8"?>
<!-- Generated by org.testng.reporters.JUnitReportReporter -->
<testsuite hostname="arunkumar" failures="0" tests="1" name="testscript.Loginpage_Test" time="7.493" errors="0" timestamp="2024-08-25T22:14:22 IST" skipped="0">
  <testcase classname="testscript.Loginpage_Test" name="verifyValidUsernameAndInvalidPassword" time="7.493"/>
  <system-out/>
</testsuite> <!-- testscript.Loginpage_Test -->
